{"D:\\Projects\\Binar Academy\\bootcamp-code-full\\chapter-8-1-tdd\\app.js": {"path":"D:\\Projects\\Binar Academy\\bootcamp-code-full\\chapter-8-1-tdd\\app.js","all":false,"statementMap":{"0":{"start":{"line":1,"column":0},"end":{"line":1,"column":34}},"1":{"start":{"line":2,"column":0},"end":{"line":2,"column":0}},"2":{"start":{"line":3,"column":0},"end":{"line":3,"column":62}},"3":{"start":{"line":4,"column":0},"end":{"line":4,"column":0}},"4":{"start":{"line":5,"column":0},"end":{"line":5,"column":0}},"5":{"start":{"line":6,"column":0},"end":{"line":6,"column":21}},"6":{"start":{"line":7,"column":0},"end":{"line":7,"column":23}},"7":{"start":{"line":8,"column":0},"end":{"line":8,"column":0}},"8":{"start":{"line":9,"column":0},"end":{"line":9,"column":34}},"9":{"start":{"line":10,"column":0},"end":{"line":10,"column":36}},"10":{"start":{"line":11,"column":0},"end":{"line":11,"column":0}},"11":{"start":{"line":12,"column":0},"end":{"line":12,"column":20}}},"s":{"0":1,"1":1,"2":1,"3":1,"4":1,"5":1,"6":1,"7":1,"8":1,"9":1,"10":1,"11":1},"branchMap":{},"b":{},"fnMap":{},"f":{}}
,"D:\\Projects\\Binar Academy\\bootcamp-code-full\\chapter-8-1-tdd\\controllers\\baseController.js": {"path":"D:\\Projects\\Binar Academy\\bootcamp-code-full\\chapter-8-1-tdd\\controllers\\baseController.js","all":false,"statementMap":{"0":{"start":{"line":1,"column":0},"end":{"line":1,"column":18}},"1":{"start":{"line":2,"column":0},"end":{"line":2,"column":26}},"2":{"start":{"line":3,"column":0},"end":{"line":3,"column":30}},"3":{"start":{"line":4,"column":0},"end":{"line":4,"column":35}},"4":{"start":{"line":5,"column":0},"end":{"line":5,"column":10}},"5":{"start":{"line":6,"column":0},"end":{"line":6,"column":6}},"6":{"start":{"line":7,"column":0},"end":{"line":7,"column":24}},"7":{"start":{"line":8,"column":0},"end":{"line":8,"column":26}},"8":{"start":{"line":9,"column":0},"end":{"line":9,"column":26}},"9":{"start":{"line":10,"column":0},"end":{"line":10,"column":18}},"10":{"start":{"line":11,"column":0},"end":{"line":11,"column":0}},"11":{"start":{"line":12,"column":0},"end":{"line":12,"column":66}},"12":{"start":{"line":13,"column":0},"end":{"line":13,"column":41}},"13":{"start":{"line":14,"column":0},"end":{"line":14,"column":41}},"14":{"start":{"line":15,"column":0},"end":{"line":15,"column":14}},"15":{"start":{"line":16,"column":0},"end":{"line":16,"column":9}},"16":{"start":{"line":17,"column":0},"end":{"line":17,"column":0}},"17":{"start":{"line":18,"column":0},"end":{"line":18,"column":60}},"18":{"start":{"line":19,"column":0},"end":{"line":19,"column":31}},"19":{"start":{"line":20,"column":0},"end":{"line":20,"column":16}},"20":{"start":{"line":21,"column":0},"end":{"line":21,"column":26}},"21":{"start":{"line":22,"column":0},"end":{"line":22,"column":9}},"22":{"start":{"line":23,"column":0},"end":{"line":23,"column":0}},"23":{"start":{"line":24,"column":0},"end":{"line":24,"column":18}},"24":{"start":{"line":25,"column":0},"end":{"line":25,"column":27}},"25":{"start":{"line":26,"column":0},"end":{"line":26,"column":10}},"26":{"start":{"line":27,"column":0},"end":{"line":27,"column":5}},"27":{"start":{"line":28,"column":0},"end":{"line":28,"column":1}}},"s":{"0":1,"1":1,"2":1,"3":1,"4":1,"5":1,"6":1,"7":4,"8":4,"9":4,"10":4,"11":4,"12":1,"13":1,"14":1,"15":1,"16":3,"17":4,"18":2,"19":2,"20":2,"21":2,"22":3,"23":3,"24":3,"25":3,"26":3,"27":1},"branchMap":{"0":{"type":"branch","line":2,"loc":{"start":{"line":2,"column":11},"end":{"line":6,"column":6}},"locations":[{"start":{"line":2,"column":11},"end":{"line":6,"column":6}}]},"1":{"type":"branch","line":7,"loc":{"start":{"line":7,"column":9},"end":{"line":27,"column":5}},"locations":[{"start":{"line":7,"column":9},"end":{"line":27,"column":5}}]},"2":{"type":"branch","line":12,"loc":{"start":{"line":12,"column":11},"end":{"line":12,"column":65}},"locations":[{"start":{"line":12,"column":11},"end":{"line":12,"column":65}}]},"3":{"type":"branch","line":12,"loc":{"start":{"line":12,"column":65},"end":{"line":16,"column":9}},"locations":[{"start":{"line":12,"column":65},"end":{"line":16,"column":9}}]},"4":{"type":"branch","line":17,"loc":{"start":{"line":17,"column":-2},"end":{"line":18,"column":18}},"locations":[{"start":{"line":17,"column":-2},"end":{"line":18,"column":18}}]},"5":{"type":"branch","line":18,"loc":{"start":{"line":18,"column":11},"end":{"line":18,"column":59}},"locations":[{"start":{"line":18,"column":11},"end":{"line":18,"column":59}}]},"6":{"type":"branch","line":18,"loc":{"start":{"line":18,"column":59},"end":{"line":20,"column":15}},"locations":[{"start":{"line":18,"column":59},"end":{"line":20,"column":15}}]},"7":{"type":"branch","line":18,"loc":{"start":{"line":18,"column":8},"end":{"line":22,"column":9}},"locations":[{"start":{"line":18,"column":8},"end":{"line":22,"column":9}}]},"8":{"type":"branch","line":23,"loc":{"start":{"line":23,"column":-2},"end":{"line":27,"column":5}},"locations":[{"start":{"line":23,"column":-2},"end":{"line":27,"column":5}}]}},"b":{"0":[1],"1":[4],"2":[3],"3":[1],"4":[3],"5":[2],"6":[1],"7":[2],"8":[3]},"fnMap":{"0":{"name":"hello","decl":{"start":{"line":2,"column":11},"end":{"line":6,"column":6}},"loc":{"start":{"line":2,"column":11},"end":{"line":6,"column":6}},"line":2},"1":{"name":"sum","decl":{"start":{"line":7,"column":9},"end":{"line":27,"column":5}},"loc":{"start":{"line":7,"column":9},"end":{"line":27,"column":5}},"line":7}},"f":{"0":1,"1":4}}
}
