{"D:\\Projects\\Binar Academy\\bootcamp-code-full\\chapter-8-1-tdd\\controllers\\baseController.js": {"path":"D:\\Projects\\Binar Academy\\bootcamp-code-full\\chapter-8-1-tdd\\controllers\\baseController.js","all":false,"statementMap":{"0":{"start":{"line":1,"column":0},"end":{"line":1,"column":18}},"1":{"start":{"line":2,"column":0},"end":{"line":2,"column":26}},"2":{"start":{"line":3,"column":0},"end":{"line":3,"column":30}},"3":{"start":{"line":4,"column":0},"end":{"line":4,"column":35}},"4":{"start":{"line":5,"column":0},"end":{"line":5,"column":10}},"5":{"start":{"line":6,"column":0},"end":{"line":6,"column":6}},"6":{"start":{"line":7,"column":0},"end":{"line":7,"column":24}},"7":{"start":{"line":8,"column":0},"end":{"line":8,"column":26}},"8":{"start":{"line":9,"column":0},"end":{"line":9,"column":26}},"9":{"start":{"line":10,"column":0},"end":{"line":10,"column":18}},"10":{"start":{"line":11,"column":0},"end":{"line":11,"column":26}},"11":{"start":{"line":12,"column":0},"end":{"line":12,"column":10}},"12":{"start":{"line":13,"column":0},"end":{"line":13,"column":5}},"13":{"start":{"line":14,"column":0},"end":{"line":14,"column":1}}},"s":{"0":1,"1":1,"2":1,"3":1,"4":1,"5":1,"6":1,"7":2,"8":2,"9":2,"10":2,"11":2,"12":2,"13":1},"branchMap":{"0":{"type":"branch","line":2,"loc":{"start":{"line":2,"column":11},"end":{"line":6,"column":6}},"locations":[{"start":{"line":2,"column":11},"end":{"line":6,"column":6}}]},"1":{"type":"branch","line":7,"loc":{"start":{"line":7,"column":9},"end":{"line":13,"column":5}},"locations":[{"start":{"line":7,"column":9},"end":{"line":13,"column":5}}]}},"b":{"0":[1],"1":[2]},"fnMap":{"0":{"name":"hello","decl":{"start":{"line":2,"column":11},"end":{"line":6,"column":6}},"loc":{"start":{"line":2,"column":11},"end":{"line":6,"column":6}},"line":2},"1":{"name":"sum","decl":{"start":{"line":7,"column":9},"end":{"line":13,"column":5}},"loc":{"start":{"line":7,"column":9},"end":{"line":13,"column":5}},"line":7}},"f":{"0":1,"1":2}}
}
